Application/build/outputs/logs/manifest-merger-debug-report.txt
-- Merging decision tree log ---
manifest
ADDED from src\main\AndroidManifest.xml:3:1-104:12
	package
		ADDED from src\main\AndroidManifest.xml:4:5-47
	android:versionName
		ADDED from src\main\AndroidManifest.xml:6:5-30
		INJECTED from src\main\AndroidManifest.xml
		INJECTED from src\main\AndroidManifest.xml
	android:versionCode
		ADDED from src\main\AndroidManifest.xml:5:5-28
		INJECTED from src\main\AndroidManifest.xml
		INJECTED from src\main\AndroidManifest.xml
	xmlns:android
		ADDED from src\main\AndroidManifest.xml:3:11-69
uses-feature#android.hardware.bluetooth_le
ADDED from src\main\AndroidManifest.xml:8:5-10:34
	android:required
		ADDED from src\main\AndroidManifest.xml:10:9-32
	android:name
		ADDED from src\main\AndroidManifest.xml:9:9-53
uses-permission#android.permission.BLUETOOTH
ADDED from src\main\AndroidManifest.xml:12:5-67
	android:name
		ADDED from src\main\AndroidManifest.xml:12:22-65
uses-permission#android.permission.BLUETOOTH_ADMIN
ADDED from src\main\AndroidManifest.xml:13:5-73
	android:name
		ADDED from src\main\AndroidManifest.xml:13:22-71
application
ADDED from src\main\AndroidManifest.xml:15:5-102:19
MERGED from [com.android.support:support-v13:25.3.1] AndroidManifest.xml:29:5-20
MERGED from [com.android.support:cardview-v7:25.3.1] AndroidManifest.xml:26:5-20
MERGED from [com.android.support:appcompat-v7:25.3.1] AndroidManifest.xml:29:5-20
MERGED from [com.android.support:support-v4:25.3.1] AndroidManifest.xml:29:5-20
MERGED from [com.android.support:support-fragment:25.3.1] AndroidManifest.xml:29:5-20
MERGED from [com.android.support:support-media-compat:25.3.1] AndroidManifest.xml:29:5-20
MERGED from [com.android.support:support-core-ui:25.3.1] AndroidManifest.xml:29:5-20
MERGED from [com.android.support:support-core-utils:25.3.1] AndroidManifest.xml:29:5-20
MERGED from [com.android.support:animated-vector-drawable:25.3.1] AndroidManifest.xml:26:5-20
MERGED from [com.android.support:support-vector-drawable:25.3.1] AndroidManifest.xml:26:5-20
MERGED from [com.android.support:support-compat:25.3.1] AndroidManifest.xml:29:5-20
	android:label
		ADDED from src\main\AndroidManifest.xml:16:9-35
	android:configChanges
		ADDED from src\main\AndroidManifest.xml:18:9-59
	android:icon
		ADDED from src\main\AndroidManifest.xml:17:9-42
	android:theme
		ADDED from src\main\AndroidManifest.xml:19:9-62
activity#keti.gto.android.bluetoothlegatt.ble_folder.DeviceScanActivity
ADDED from src\main\AndroidManifest.xml:21:9-29:20
	android:label
		ADDED from src\main\AndroidManifest.xml:23:13-39
	android:configChanges
		ADDED from src\main\AndroidManifest.xml:24:13-63
	android:name
		ADDED from src\main\AndroidManifest.xml:22:13-90
intent-filter#android.intent.action.MAIN+android.intent.category.LAUNCHER
ADDED from src\main\AndroidManifest.xml:25:13-28:29
action#android.intent.action.MAIN
ADDED from src\main\AndroidManifest.xml:26:17-68
	android:name
		ADDED from src\main\AndroidManifest.xml:26:25-66
category#android.intent.category.LAUNCHER
ADDED from src\main\AndroidManifest.xml:27:17-76
	android:name
		ADDED from src\main\AndroidManifest.xml:27:27-74
activity#keti.gto.android.bluetoothlegatt.ble_folder.DeviceControlActivity
ADDED from src\main\AndroidManifest.xml:31:9-35:62
	android:clearTaskOnLaunch
		ADDED from src\main\AndroidManifest.xml:33:13-45
	android:screenOrientation
		ADDED from src\main\AndroidManifest.xml:35:13-50
	android:launchMode
		ADDED from src\main\AndroidManifest.xml:34:13-48
	android:name
		ADDED from src\main\AndroidManifest.xml:32:13-93
service#keti.gto.android.bluetoothlegatt.ble_folder.BluetoothLeService
ADDED from src\main\AndroidManifest.xml:37:9-39:37
	android:enabled
		ADDED from src\main\AndroidManifest.xml:39:13-35
	android:name
		ADDED from src\main\AndroidManifest.xml:38:13-90
uses-permission#android.permission.INTERNET
ADDED from src\main\AndroidManifest.xml:41:9-71
	android:name
		ADDED from src\main\AndroidManifest.xml:41:26-68
uses-permission#android.permission.ACCESS_WIFI_STATE
ADDED from src\main\AndroidManifest.xml:42:9-80
	android:name
		ADDED from src\main\AndroidManifest.xml:42:26-77
uses-sdk
ADDED from src\main\AndroidManifest.xml:44:9-47
MERGED from [com.android.support:cardview-v7:25.3.1] AndroidManifest.xml:20:5-43
MERGED from [com.android.support:appcompat-v7:25.3.1] AndroidManifest.xml:21:5-23:78
MERGED from [com.android.support:support-v4:25.3.1] AndroidManifest.xml:21:5-23:54
MERGED from [com.android.support:support-fragment:25.3.1] AndroidManifest.xml:21:5-23:60
MERGED from [com.android.support:support-media-compat:25.3.1] AndroidManifest.xml:21:5-23:63
MERGED from [com.android.support:support-core-ui:25.3.1] AndroidManifest.xml:21:5-23:58
MERGED from [com.android.support:support-core-utils:25.3.1] AndroidManifest.xml:21:5-23:61
MERGED from [com.android.support:animated-vector-drawable:25.3.1] AndroidManifest.xml:20:5-44
MERGED from [com.android.support:support-vector-drawable:25.3.1] AndroidManifest.xml:20:5-43
MERGED from [com.android.support:support-compat:25.3.1] AndroidManifest.xml:21:5-23:58
	android:targetSdkVersion
		INJECTED from src\main\AndroidManifest.xml
		INJECTED from src\main\AndroidManifest.xml
	android:minSdkVersion
		ADDED from src\main\AndroidManifest.xml:44:19-44
		INJECTED from src\main\AndroidManifest.xml
		INJECTED from src\main\AndroidManifest.xml
activity#keti.gto.android.bluetoothlegatt.map_folder.map_main_activity
ADDED from src\main\AndroidManifest.xml:46:9-51:25
	android:clearTaskOnLaunch
		ADDED from src\main\AndroidManifest.xml:49:13-45
	android:screenOrientation
		ADDED from src\main\AndroidManifest.xml:50:13-50
	android:launchMode
		ADDED from src\main\AndroidManifest.xml:48:13-48
	android:name
		ADDED from src\main\AndroidManifest.xml:47:13-89
activity#keti.gto.android.bluetoothlegatt.ble_folder.can_main_activity
ADDED from src\main\AndroidManifest.xml:53:9-58:25
	android:clearTaskOnLaunch
		ADDED from src\main\AndroidManifest.xml:56:13-45
	android:screenOrientation
		ADDED from src\main\AndroidManifest.xml:57:13-50
	android:launchMode
		ADDED from src\main\AndroidManifest.xml:55:13-48
	android:name
		ADDED from src\main\AndroidManifest.xml:54:13-89
activity#keti.gto.android.bluetoothlegatt.music_folder.music_main_activity
ADDED from src\main\AndroidManifest.xml:60:9-65:25
	android:clearTaskOnLaunch
		ADDED from src\main\AndroidManifest.xml:63:13-45
	android:screenOrientation
		ADDED from src\main\AndroidManifest.xml:64:13-50
	android:launchMode
		ADDED from src\main\AndroidManifest.xml:62:13-48
	android:name
		ADDED from src\main\AndroidManifest.xml:61:13-93
activity#keti.gto.android.bluetoothlegatt.music_folder.music_play1_activity
ADDED from src\main\AndroidManifest.xml:67:9-72:25
	android:clearTaskOnLaunch
		ADDED from src\main\AndroidManifest.xml:70:13-45
	android:screenOrientation
		ADDED from src\main\AndroidManifest.xml:71:13-50
	android:launchMode
		ADDED from src\main\AndroidManifest.xml:69:13-48
	android:name
		ADDED from src\main\AndroidManifest.xml:68:13-94
activity#keti.gto.android.bluetoothlegatt.music_folder.music_play2_activity
ADDED from src\main\AndroidManifest.xml:74:9-79:25
	android:clearTaskOnLaunch
		ADDED from src\main\AndroidManifest.xml:77:13-45
	android:screenOrientation
		ADDED from src\main\AndroidManifest.xml:78:13-50
	android:launchMode
		ADDED from src\main\AndroidManifest.xml:76:13-48
	android:name
		ADDED from src\main\AndroidManifest.xml:75:13-94
activity#keti.gto.android.bluetoothlegatt.music_folder.music_play3_activity
ADDED from src\main\AndroidManifest.xml:81:9-86:25
	android:clearTaskOnLaunch
		ADDED from src\main\AndroidManifest.xml:84:13-45
	android:screenOrientation
		ADDED from src\main\AndroidManifest.xml:85:13-50
	android:launchMode
		ADDED from src\main\AndroidManifest.xml:83:13-48
	android:name
		ADDED from src\main\AndroidManifest.xml:82:13-94
activity#keti.gto.android.bluetoothlegatt.smartKey_folder.smartKey_activity
ADDED from src\main\AndroidManifest.xml:88:9-93:25
	android:clearTaskOnLaunch
		ADDED from src\main\AndroidManifest.xml:91:13-45
	android:screenOrientation
		ADDED from src\main\AndroidManifest.xml:92:13-50
	android:launchMode
		ADDED from src\main\AndroidManifest.xml:90:13-48
	android:name
		ADDED from src\main\AndroidManifest.xml:89:13-94
activity#keti.gto.android.bluetoothlegatt.bio_folder.bio_activity
ADDED from src\main\AndroidManifest.xml:95:9-100:25
	android:clearTaskOnLaunch
		ADDED from src\main\AndroidManifest.xml:98:13-45
	android:screenOrientation
		ADDED from src\main\AndroidManifest.xml:99:13-50
	android:launchMode
		ADDED from src\main\AndroidManifest.xml:97:13-48
	android:name
		ADDED from src\main\AndroidManifest.xml:96:13-84
meta-data#android.support.VERSION
ADDED from [com.android.support:support-v13:25.3.1] AndroidManifest.xml:25:5-27:34
MERGED from [com.android.support:cardview-v7:25.3.1] AndroidManifest.xml:22:5-24:34
MERGED from [com.android.support:appcompat-v7:25.3.1] AndroidManifest.xml:25:5-27:34
MERGED from [com.android.support:support-v4:25.3.1] AndroidManifest.xml:25:5-27:34
MERGED from [com.android.support:support-fragment:25.3.1] AndroidManifest.xml:25:5-27:34
MERGED from [com.android.support:support-media-compat:25.3.1] AndroidManifest.xml:25:5-27:34
MERGED from [com.android.support:support-core-ui:25.3.1] AndroidManifest.xml:25:5-27:34
MERGED from [com.android.support:support-core-utils:25.3.1] AndroidManifest.xml:25:5-27:34
MERGED from [com.android.support:animated-vector-drawable:25.3.1] AndroidManifest.xml:22:5-24:34
MERGED from [com.android.support:support-vector-drawable:25.3.1] AndroidManifest.xml:22:5-24:34
MERGED from [com.android.support:support-compat:25.3.1] AndroidManifest.xml:25:5-27:34
	android:value
		ADDED from [com.android.support:support-v13:25.3.1] AndroidManifest.xml:27:9-31
	android:name
		ADDED from [com.android.support:support-v13:25.3.1] AndroidManifest.xml:26:9-47